[02:10:13] [ServerMain/ERROR]: [DirectoryProviderSource] Error preparing plugin context: Directory 'plugins/Geyser-NeoForge.jar' failed to update!
java.lang.RuntimeException: Directory 'plugins/Geyser-NeoForge.jar' failed to update!
	at io.papermc.paper.plugin.provider.source.FileProviderSource.prepareContext(FileProviderSource.java:51) ~[paper-1.20.4.jar:git-Paper-485]
	at io.papermc.paper.plugin.provider.source.DirectoryProviderSource.lambda$prepareContext$1(DirectoryProviderSource.java:33) ~[paper-1.20.4.jar:git-Paper-485]
	at java.util.stream.ForEachOps$ForEachOp$OfRef.accept(ForEachOps.java:184) ~[?:?]
	at java.util.stream.ReferencePipeline$2$1.accept(ReferencePipeline.java:179) ~[?:?]
	at java.util.stream.ReferencePipeline$3$1.accept(ReferencePipeline.java:197) ~[?:?]
	at java.util.Iterator.forEachRemaining(Iterator.java:133) ~[?:?]
	at java.util.Spliterators$IteratorSpliterator.forEachRemaining(Spliterators.java:1939) ~[?:?]
	at java.util.stream.AbstractPipeline.copyInto(AbstractPipeline.java:509) ~[?:?]
	at java.util.stream.AbstractPipeline.wrapAndCopyInto(AbstractPipeline.java:499) ~[?:?]
	at java.util.stream.ForEachOps$ForEachOp.evaluateSequential(ForEachOps.java:151) ~[?:?]
	at java.util.stream.ForEachOps$ForEachOp$OfRef.evaluateSequential(ForEachOps.java:174) ~[?:?]
	at java.util.stream.AbstractPipeline.evaluate(AbstractPipeline.java:234) ~[?:?]
	at java.util.stream.ReferencePipeline.forEach(ReferencePipeline.java:596) ~[?:?]
	at io.papermc.paper.plugin.provider.source.DirectoryProviderSource.walkFiles(DirectoryProviderSource.java:59) ~[paper-1.20.4.jar:git-Paper-485]
	at io.papermc.paper.plugin.provider.source.DirectoryProviderSource.prepareContext(DirectoryProviderSource.java:31) ~[paper-1.20.4.jar:git-Paper-485]
	at io.papermc.paper.plugin.provider.source.DirectoryProviderSource.prepareContext(DirectoryProviderSource.java:17) ~[paper-1.20.4.jar:git-Paper-485]
	at io.papermc.paper.plugin.util.EntrypointUtil.registerProvidersFromSource(EntrypointUtil.java:14) ~[paper-1.20.4.jar:git-Paper-485]
	at io.papermc.paper.plugin.PluginInitializerManager.load(PluginInitializerManager.java:101) ~[paper-1.20.4.jar:git-Paper-485]
	at net.minecraft.server.Main.main(Main.java:120) ~[paper-1.20.4.jar:git-Paper-485]
	at org.bukkit.craftbukkit.Main.main(Main.java:326) ~[paper-1.20.4.jar:git-Paper-485]
	at io.papermc.paperclip.Paperclip.lambda$main$0(Paperclip.java:42) ~[app:?]
	at java.lang.Thread.run(Thread.java:1583) ~[?:?]
Caused by: org.bukkit.plugin.InvalidPluginException: java.lang.IllegalArgumentException: plugins/Geyser-NeoForge.jar does not contain a paper-plugin.yml or plugin.yml! Could not determine plugin type, cannot load a plugin from it!
	at io.papermc.paper.plugin.provider.source.FileProviderSource.checkUpdate(FileProviderSource.java:109) ~[paper-1.20.4.jar:git-Paper-485]
	at io.papermc.paper.plugin.provider.source.FileProviderSource.prepareContext(FileProviderSource.java:49) ~[paper-1.20.4.jar:git-Paper-485]
	... 21 more
Caused by: java.lang.IllegalArgumentException: plugins/Geyser-NeoForge.jar does not contain a paper-plugin.yml or plugin.yml! Could not determine plugin type, cannot load a plugin from it!
	at io.papermc.paper.plugin.provider.source.FileProviderSource.getPluginName(FileProviderSource.java:118) ~[paper-1.20.4.jar:git-Paper-485]
	at io.papermc.paper.plugin.provider.source.FileProviderSource.checkUpdate(FileProviderSource.java:90) ~[paper-1.20.4.jar:git-Paper-485]
	at io.papermc.paper.plugin.provider.source.FileProviderSource.prepareContext(FileProviderSource.java:49) ~[paper-1.20.4.jar:git-Paper-485]
	... 21 more
[02:10:13] [ServerMain/ERROR]: [DirectoryProviderSource] Error preparing plugin context: Directory 'plugins/Geyser-Velocity.jar' failed to update!
java.lang.RuntimeException: Directory 'plugins/Geyser-Velocity.jar' failed to update!
	at io.papermc.paper.plugin.provider.source.FileProviderSource.prepareContext(FileProviderSource.java:51) ~[paper-1.20.4.jar:git-Paper-485]
	at io.papermc.paper.plugin.provider.source.DirectoryProviderSource.lambda$prepareContext$1(DirectoryProviderSource.java:33) ~[paper-1.20.4.jar:git-Paper-485]
	at java.util.stream.ForEachOps$ForEachOp$OfRef.accept(ForEachOps.java:184) ~[?:?]
	at java.util.stream.ReferencePipeline$2$1.accept(ReferencePipeline.java:179) ~[?:?]
	at java.util.stream.ReferencePipeline$3$1.accept(ReferencePipeline.java:197) ~[?:?]
	at java.util.Iterator.forEachRemaining(Iterator.java:133) ~[?:?]
	at java.util.Spliterators$IteratorSpliterator.forEachRemaining(Spliterators.java:1939) ~[?:?]
	at java.util.stream.AbstractPipeline.copyInto(AbstractPipeline.java:509) ~[?:?]
	at java.util.stream.AbstractPipeline.wrapAndCopyInto(AbstractPipeline.java:499) ~[?:?]
	at java.util.stream.ForEachOps$ForEachOp.evaluateSequential(ForEachOps.java:151) ~[?:?]
	at java.util.stream.ForEachOps$ForEachOp$OfRef.evaluateSequential(ForEachOps.java:174) ~[?:?]
	at java.util.stream.AbstractPipeline.evaluate(AbstractPipeline.java:234) ~[?:?]
	at java.util.stream.ReferencePipeline.forEach(ReferencePipeline.java:596) ~[?:?]
	at io.papermc.paper.plugin.provider.source.DirectoryProviderSource.walkFiles(DirectoryProviderSource.java:59) ~[paper-1.20.4.jar:git-Paper-485]
	at io.papermc.paper.plugin.provider.source.DirectoryProviderSource.prepareContext(DirectoryProviderSource.java:31) ~[paper-1.20.4.jar:git-Paper-485]
	at io.papermc.paper.plugin.provider.source.DirectoryProviderSource.prepareContext(DirectoryProviderSource.java:17) ~[paper-1.20.4.jar:git-Paper-485]
	at io.papermc.paper.plugin.util.EntrypointUtil.registerProvidersFromSource(EntrypointUtil.java:14) ~[paper-1.20.4.jar:git-Paper-485]
	at io.papermc.paper.plugin.PluginInitializerManager.load(PluginInitializerManager.java:101) ~[paper-1.20.4.jar:git-Paper-485]
	at net.minecraft.server.Main.main(Main.java:120) ~[paper-1.20.4.jar:git-Paper-485]
	at org.bukkit.craftbukkit.Main.main(Main.java:326) ~[paper-1.20.4.jar:git-Paper-485]
	at io.papermc.paperclip.Paperclip.lambda$main$0(Paperclip.java:42) ~[app:?]
	at java.lang.Thread.run(Thread.java:1583) ~[?:?]
Caused by: org.bukkit.plugin.InvalidPluginException: java.lang.IllegalArgumentException: plugins/Geyser-Velocity.jar does not contain a paper-plugin.yml or plugin.yml! Could not determine plugin type, cannot load a plugin from it!
	at io.papermc.paper.plugin.provider.source.FileProviderSource.checkUpdate(FileProviderSource.java:109) ~[paper-1.20.4.jar:git-Paper-485]
	at io.papermc.paper.plugin.provider.source.FileProviderSource.prepareContext(FileProviderSource.java:49) ~[paper-1.20.4.jar:git-Paper-485]
	... 21 more
Caused by: java.lang.IllegalArgumentException: plugins/Geyser-Velocity.jar does not contain a paper-plugin.yml or plugin.yml! Could not determine plugin type, cannot load a plugin from it!
	at io.papermc.paper.plugin.provider.source.FileProviderSource.getPluginName(FileProviderSource.java:118) ~[paper-1.20.4.jar:git-Paper-485]
	at io.papermc.paper.plugin.provider.source.FileProviderSource.checkUpdate(FileProviderSource.java:90) ~[paper-1.20.4.jar:git-Paper-485]
	at io.papermc.paper.plugin.provider.source.FileProviderSource.prepareContext(FileProviderSource.java:49) ~[paper-1.20.4.jar:git-Paper-485]
	... 21 more
[02:10:13] [ServerMain/ERROR]: [DirectoryProviderSource] Error preparing plugin context: Directory 'plugins/Geyser-BungeeCord.jar' failed to update!
java.lang.RuntimeException: Directory 'plugins/Geyser-BungeeCord.jar' failed to update!
	at io.papermc.paper.plugin.provider.source.FileProviderSource.prepareContext(FileProviderSource.java:51) ~[paper-1.20.4.jar:git-Paper-485]
	at io.papermc.paper.plugin.provider.source.DirectoryProviderSource.lambda$prepareContext$1(DirectoryProviderSource.java:33) ~[paper-1.20.4.jar:git-Paper-485]
	at java.util.stream.ForEachOps$ForEachOp$OfRef.accept(ForEachOps.java:184) ~[?:?]
	at java.util.stream.ReferencePipeline$2$1.accept(ReferencePipeline.java:179) ~[?:?]
	at java.util.stream.ReferencePipeline$3$1.accept(ReferencePipeline.java:197) ~[?:?]
	at java.util.Iterator.forEachRemaining(Iterator.java:133) ~[?:?]
	at java.util.Spliterators$IteratorSpliterator.forEachRemaining(Spliterators.java:1939) ~[?:?]
	at java.util.stream.AbstractPipeline.copyInto(AbstractPipeline.java:509) ~[?:?]
	at java.util.stream.AbstractPipeline.wrapAndCopyInto(AbstractPipeline.java:499) ~[?:?]
	at java.util.stream.ForEachOps$ForEachOp.evaluateSequential(ForEachOps.java:151) ~[?:?]
	at java.util.stream.ForEachOps$ForEachOp$OfRef.evaluateSequential(ForEachOps.java:174) ~[?:?]
	at java.util.stream.AbstractPipeline.evaluate(AbstractPipeline.java:234) ~[?:?]
	at java.util.stream.ReferencePipeline.forEach(ReferencePipeline.java:596) ~[?:?]
	at io.papermc.paper.plugin.provider.source.DirectoryProviderSource.walkFiles(DirectoryProviderSource.java:59) ~[paper-1.20.4.jar:git-Paper-485]
	at io.papermc.paper.plugin.provider.source.DirectoryProviderSource.prepareContext(DirectoryProviderSource.java:31) ~[paper-1.20.4.jar:git-Paper-485]
	at io.papermc.paper.plugin.provider.source.DirectoryProviderSource.prepareContext(DirectoryProviderSource.java:17) ~[paper-1.20.4.jar:git-Paper-485]
	at io.papermc.paper.plugin.util.EntrypointUtil.registerProvidersFromSource(EntrypointUtil.java:14) ~[paper-1.20.4.jar:git-Paper-485]
	at io.papermc.paper.plugin.PluginInitializerManager.load(PluginInitializerManager.java:101) ~[paper-1.20.4.jar:git-Paper-485]
	at net.minecraft.server.Main.main(Main.java:120) ~[paper-1.20.4.jar:git-Paper-485]
	at org.bukkit.craftbukkit.Main.main(Main.java:326) ~[paper-1.20.4.jar:git-Paper-485]
	at io.papermc.paperclip.Paperclip.lambda$main$0(Paperclip.java:42) ~[app:?]
	at java.lang.Thread.run(Thread.java:1583) ~[?:?]
Caused by: org.bukkit.plugin.InvalidPluginException: java.lang.IllegalArgumentException: plugins/Geyser-BungeeCord.jar does not contain a paper-plugin.yml or plugin.yml! Could not determine plugin type, cannot load a plugin from it!
	at io.papermc.paper.plugin.provider.source.FileProviderSource.checkUpdate(FileProviderSource.java:109) ~[paper-1.20.4.jar:git-Paper-485]
	at io.papermc.paper.plugin.provider.source.FileProviderSource.prepareContext(FileProviderSource.java:49) ~[paper-1.20.4.jar:git-Paper-485]
	... 21 more
Caused by: java.lang.IllegalArgumentException: plugins/Geyser-BungeeCord.jar does not contain a paper-plugin.yml or plugin.yml! Could not determine plugin type, cannot load a plugin from it!
	at io.papermc.paper.plugin.provider.source.FileProviderSource.getPluginName(FileProviderSource.java:118) ~[paper-1.20.4.jar:git-Paper-485]
	at io.papermc.paper.plugin.provider.source.FileProviderSource.checkUpdate(FileProviderSource.java:90) ~[paper-1.20.4.jar:git-Paper-485]
	at io.papermc.paper.plugin.provider.source.FileProviderSource.prepareContext(FileProviderSource.java:49) ~[paper-1.20.4.jar:git-Paper-485]
	... 21 more
[02:10:13] [ServerMain/ERROR]: [DirectoryProviderSource] Error preparing plugin context: Directory 'plugins/floodgate-fabric-2.2.0-SNAPSHOT+build.17.jar' failed to update!
java.lang.RuntimeException: Directory 'plugins/floodgate-fabric-2.2.0-SNAPSHOT+build.17.jar' failed to update!
	at io.papermc.paper.plugin.provider.source.FileProviderSource.prepareContext(FileProviderSource.java:51) ~[paper-1.20.4.jar:git-Paper-485]
	at io.papermc.paper.plugin.provider.source.DirectoryProviderSource.lambda$prepareContext$1(DirectoryProviderSource.java:33) ~[paper-1.20.4.jar:git-Paper-485]
	at java.util.stream.ForEachOps$ForEachOp$OfRef.accept(ForEachOps.java:184) ~[?:?]
	at java.util.stream.ReferencePipeline$2$1.accept(ReferencePipeline.java:179) ~[?:?]
	at java.util.stream.ReferencePipeline$3$1.accept(ReferencePipeline.java:197) ~[?:?]
	at java.util.Iterator.forEachRemaining(Iterator.java:133) ~[?:?]
	at java.util.Spliterators$IteratorSpliterator.forEachRemaining(Spliterators.java:1939) ~[?:?]
	at java.util.stream.AbstractPipeline.copyInto(AbstractPipeline.java:509) ~[?:?]
	at java.util.stream.AbstractPipeline.wrapAndCopyInto(AbstractPipeline.java:499) ~[?:?]
	at java.util.stream.ForEachOps$ForEachOp.evaluateSequential(ForEachOps.java:151) ~[?:?]
	at java.util.stream.ForEachOps$ForEachOp$OfRef.evaluateSequential(ForEachOps.java:174) ~[?:?]
	at java.util.stream.AbstractPipeline.evaluate(AbstractPipeline.java:234) ~[?:?]
	at java.util.stream.ReferencePipeline.forEach(ReferencePipeline.java:596) ~[?:?]
	at io.papermc.paper.plugin.provider.source.DirectoryProviderSource.walkFiles(DirectoryProviderSource.java:59) ~[paper-1.20.4.jar:git-Paper-485]
	at io.papermc.paper.plugin.provider.source.DirectoryProviderSource.prepareContext(DirectoryProviderSource.java:31) ~[paper-1.20.4.jar:git-Paper-485]
	at io.papermc.paper.plugin.provider.source.DirectoryProviderSource.prepareContext(DirectoryProviderSource.java:17) ~[paper-1.20.4.jar:git-Paper-485]
	at io.papermc.paper.plugin.util.EntrypointUtil.registerProvidersFromSource(EntrypointUtil.java:14) ~[paper-1.20.4.jar:git-Paper-485]
	at io.papermc.paper.plugin.PluginInitializerManager.load(PluginInitializerManager.java:101) ~[paper-1.20.4.jar:git-Paper-485]
	at net.minecraft.server.Main.main(Main.java:120) ~[paper-1.20.4.jar:git-Paper-485]
	at org.bukkit.craftbukkit.Main.main(Main.java:326) ~[paper-1.20.4.jar:git-Paper-485]
	at io.papermc.paperclip.Paperclip.lambda$main$0(Paperclip.java:42) ~[app:?]
	at java.lang.Thread.run(Thread.java:1583) ~[?:?]
Caused by: org.bukkit.plugin.InvalidPluginException: java.lang.IllegalArgumentException: plugins/floodgate-fabric-2.2.0-SNAPSHOT+build.17.jar does not contain a paper-plugin.yml or plugin.yml! Could not determine plugin type, cannot load a plugin from it!
	at io.papermc.paper.plugin.provider.source.FileProviderSource.checkUpdate(FileProviderSource.java:109) ~[paper-1.20.4.jar:git-Paper-485]
	at io.papermc.paper.plugin.provider.source.FileProviderSource.prepareContext(FileProviderSource.java:49) ~[paper-1.20.4.jar:git-Paper-485]
	... 21 more
Caused by: java.lang.IllegalArgumentException: plugins/floodgate-fabric-2.2.0-SNAPSHOT+build.17.jar does not contain a paper-plugin.yml or plugin.yml! Could not determine plugin type, cannot load a plugin from it!
	at io.papermc.paper.plugin.provider.source.FileProviderSource.getPluginName(FileProviderSource.java:118) ~[paper-1.20.4.jar:git-Paper-485]
	at io.papermc.paper.plugin.provider.source.FileProviderSource.checkUpdate(FileProviderSource.java:90) ~[paper-1.20.4.jar:git-Paper-485]
	at io.papermc.paper.plugin.provider.source.FileProviderSource.prepareContext(FileProviderSource.java:49) ~[paper-1.20.4.jar:git-Paper-485]
	... 21 more
[02:10:13] [ServerMain/ERROR]: [DirectoryProviderSource] Error preparing plugin context: Directory 'plugins/Geyser-Fabric.jar' failed to update!
java.lang.RuntimeException: Directory 'plugins/Geyser-Fabric.jar' failed to update!
	at io.papermc.paper.plugin.provider.source.FileProviderSource.prepareContext(FileProviderSource.java:51) ~[paper-1.20.4.jar:git-Paper-485]
	at io.papermc.paper.plugin.provider.source.DirectoryProviderSource.lambda$prepareContext$1(DirectoryProviderSource.java:33) ~[paper-1.20.4.jar:git-Paper-485]
	at java.util.stream.ForEachOps$ForEachOp$OfRef.accept(ForEachOps.java:184) ~[?:?]
	at java.util.stream.ReferencePipeline$2$1.accept(ReferencePipeline.java:179) ~[?:?]
	at java.util.stream.ReferencePipeline$3$1.accept(ReferencePipeline.java:197) ~[?:?]
	at java.util.Iterator.forEachRemaining(Iterator.java:133) ~[?:?]
	at java.util.Spliterators$IteratorSpliterator.forEachRemaining(Spliterators.java:1939) ~[?:?]
	at java.util.stream.AbstractPipeline.copyInto(AbstractPipeline.java:509) ~[?:?]
	at java.util.stream.AbstractPipeline.wrapAndCopyInto(AbstractPipeline.java:499) ~[?:?]
	at java.util.stream.ForEachOps$ForEachOp.evaluateSequential(ForEachOps.java:151) ~[?:?]
	at java.util.stream.ForEachOps$ForEachOp$OfRef.evaluateSequential(ForEachOps.java:174) ~[?:?]
	at java.util.stream.AbstractPipeline.evaluate(AbstractPipeline.java:234) ~[?:?]
	at java.util.stream.ReferencePipeline.forEach(ReferencePipeline.java:596) ~[?:?]
	at io.papermc.paper.plugin.provider.source.DirectoryProviderSource.walkFiles(DirectoryProviderSource.java:59) ~[paper-1.20.4.jar:git-Paper-485]
	at io.papermc.paper.plugin.provider.source.DirectoryProviderSource.prepareContext(DirectoryProviderSource.java:31) ~[paper-1.20.4.jar:git-Paper-485]
	at io.papermc.paper.plugin.provider.source.DirectoryProviderSource.prepareContext(DirectoryProviderSource.java:17) ~[paper-1.20.4.jar:git-Paper-485]
	at io.papermc.paper.plugin.util.EntrypointUtil.registerProvidersFromSource(EntrypointUtil.java:14) ~[paper-1.20.4.jar:git-Paper-485]
	at io.papermc.paper.plugin.PluginInitializerManager.load(PluginInitializerManager.java:101) ~[paper-1.20.4.jar:git-Paper-485]
	at net.minecraft.server.Main.main(Main.java:120) ~[paper-1.20.4.jar:git-Paper-485]
	at org.bukkit.craftbukkit.Main.main(Main.java:326) ~[paper-1.20.4.jar:git-Paper-485]
	at io.papermc.paperclip.Paperclip.lambda$main$0(Paperclip.java:42) ~[app:?]
	at java.lang.Thread.run(Thread.java:1583) ~[?:?]
Caused by: org.bukkit.plugin.InvalidPluginException: java.lang.IllegalArgumentException: plugins/Geyser-Fabric.jar does not contain a paper-plugin.yml or plugin.yml! Could not determine plugin type, cannot load a plugin from it!
	at io.papermc.paper.plugin.provider.source.FileProviderSource.checkUpdate(FileProviderSource.java:109) ~[paper-1.20.4.jar:git-Paper-485]
	at io.papermc.paper.plugin.provider.source.FileProviderSource.prepareContext(FileProviderSource.java:49) ~[paper-1.20.4.jar:git-Paper-485]
	... 21 more
Caused by: java.lang.IllegalArgumentException: plugins/Geyser-Fabric.jar does not contain a paper-plugin.yml or plugin.yml! Could not determine plugin type, cannot load a plugin from it!
	at io.papermc.paper.plugin.provider.source.FileProviderSource.getPluginName(FileProviderSource.java:118) ~[paper-1.20.4.jar:git-Paper-485]
	at io.papermc.paper.plugin.provider.source.FileProviderSource.checkUpdate(FileProviderSource.java:90) ~[paper-1.20.4.jar:git-Paper-485]
	at io.papermc.paper.plugin.provider.source.FileProviderSource.prepareContext(FileProviderSource.java:49) ~[paper-1.20.4.jar:git-Paper-485]
	... 21 more
[02:10:13] [ServerMain/ERROR]: [DirectoryProviderSource] Error preparing plugin context: Directory 'plugins/Geyser-ViaProxy.jar' failed to update!
java.lang.RuntimeException: Directory 'plugins/Geyser-ViaProxy.jar' failed to update!
	at io.papermc.paper.plugin.provider.source.FileProviderSource.prepareContext(FileProviderSource.java:51) ~[paper-1.20.4.jar:git-Paper-485]
	at io.papermc.paper.plugin.provider.source.DirectoryProviderSource.lambda$prepareContext$1(DirectoryProviderSource.java:33) ~[paper-1.20.4.jar:git-Paper-485]
	at java.util.stream.ForEachOps$ForEachOp$OfRef.accept(ForEachOps.java:184) ~[?:?]
	at java.util.stream.ReferencePipeline$2$1.accept(ReferencePipeline.java:179) ~[?:?]
	at java.util.stream.ReferencePipeline$3$1.accept(ReferencePipeline.java:197) ~[?:?]
	at java.util.Iterator.forEachRemaining(Iterator.java:133) ~[?:?]
	at java.util.Spliterators$IteratorSpliterator.forEachRemaining(Spliterators.java:1939) ~[?:?]
	at java.util.stream.AbstractPipeline.copyInto(AbstractPipeline.java:509) ~[?:?]
	at java.util.stream.AbstractPipeline.wrapAndCopyInto(AbstractPipeline.java:499) ~[?:?]
	at java.util.stream.ForEachOps$ForEachOp.evaluateSequential(ForEachOps.java:151) ~[?:?]
	at java.util.stream.ForEachOps$ForEachOp$OfRef.evaluateSequential(ForEachOps.java:174) ~[?:?]
	at java.util.stream.AbstractPipeline.evaluate(AbstractPipeline.java:234) ~[?:?]
	at java.util.stream.ReferencePipeline.forEach(ReferencePipeline.java:596) ~[?:?]
	at io.papermc.paper.plugin.provider.source.DirectoryProviderSource.walkFiles(DirectoryProviderSource.java:59) ~[paper-1.20.4.jar:git-Paper-485]
	at io.papermc.paper.plugin.provider.source.DirectoryProviderSource.prepareContext(DirectoryProviderSource.java:31) ~[paper-1.20.4.jar:git-Paper-485]
	at io.papermc.paper.plugin.provider.source.DirectoryProviderSource.prepareContext(DirectoryProviderSource.java:17) ~[paper-1.20.4.jar:git-Paper-485]
	at io.papermc.paper.plugin.util.EntrypointUtil.registerProvidersFromSource(EntrypointUtil.java:14) ~[paper-1.20.4.jar:git-Paper-485]
	at io.papermc.paper.plugin.PluginInitializerManager.load(PluginInitializerManager.java:101) ~[paper-1.20.4.jar:git-Paper-485]
	at net.minecraft.server.Main.main(Main.java:120) ~[paper-1.20.4.jar:git-Paper-485]
	at org.bukkit.craftbukkit.Main.main(Main.java:326) ~[paper-1.20.4.jar:git-Paper-485]
	at io.papermc.paperclip.Paperclip.lambda$main$0(Paperclip.java:42) ~[app:?]
	at java.lang.Thread.run(Thread.java:1583) ~[?:?]
Caused by: org.bukkit.plugin.InvalidPluginException: java.lang.IllegalArgumentException: plugins/Geyser-ViaProxy.jar does not contain a paper-plugin.yml or plugin.yml! Could not determine plugin type, cannot load a plugin from it!
	at io.papermc.paper.plugin.provider.source.FileProviderSource.checkUpdate(FileProviderSource.java:109) ~[paper-1.20.4.jar:git-Paper-485]
	at io.papermc.paper.plugin.provider.source.FileProviderSource.prepareContext(FileProviderSource.java:49) ~[paper-1.20.4.jar:git-Paper-485]
	... 21 more
Caused by: java.lang.IllegalArgumentException: plugins/Geyser-ViaProxy.jar does not contain a paper-plugin.yml or plugin.yml! Could not determine plugin type, cannot load a plugin from it!
	at io.papermc.paper.plugin.provider.source.FileProviderSource.getPluginName(FileProviderSource.java:118) ~[paper-1.20.4.jar:git-Paper-485]
	at io.papermc.paper.plugin.provider.source.FileProviderSource.checkUpdate(FileProviderSource.java:90) ~[paper-1.20.4.jar:git-Paper-485]
	at io.papermc.paper.plugin.provider.source.FileProviderSource.prepareContext(FileProviderSource.java:49) ~[paper-1.20.4.jar:git-Paper-485]
	... 21 more
[02:10:13] [ServerMain/ERROR]: [DirectoryProviderSource] Error preparing plugin context: Directory 'plugins/Geyser-Standalone.jar' failed to update!
java.lang.RuntimeException: Directory 'plugins/Geyser-Standalone.jar' failed to update!
	at io.papermc.paper.plugin.provider.source.FileProviderSource.prepareContext(FileProviderSource.java:51) ~[paper-1.20.4.jar:git-Paper-485]
	at io.papermc.paper.plugin.provider.source.DirectoryProviderSource.lambda$prepareContext$1(DirectoryProviderSource.java:33) ~[paper-1.20.4.jar:git-Paper-485]
	at java.util.stream.ForEachOps$ForEachOp$OfRef.accept(ForEachOps.java:184) ~[?:?]
	at java.util.stream.ReferencePipeline$2$1.accept(ReferencePipeline.java:179) ~[?:?]
	at java.util.stream.ReferencePipeline$3$1.accept(ReferencePipeline.java:197) ~[?:?]
	at java.util.Iterator.forEachRemaining(Iterator.java:133) ~[?:?]
	at java.util.Spliterators$IteratorSpliterator.forEachRemaining(Spliterators.java:1939) ~[?:?]
	at java.util.stream.AbstractPipeline.copyInto(AbstractPipeline.java:509) ~[?:?]
	at java.util.stream.AbstractPipeline.wrapAndCopyInto(AbstractPipeline.java:499) ~[?:?]
	at java.util.stream.ForEachOps$ForEachOp.evaluateSequential(ForEachOps.java:151) ~[?:?]
	at java.util.stream.ForEachOps$ForEachOp$OfRef.evaluateSequential(ForEachOps.java:174) ~[?:?]
	at java.util.stream.AbstractPipeline.evaluate(AbstractPipeline.java:234) ~[?:?]
	at java.util.stream.ReferencePipeline.forEach(ReferencePipeline.java:596) ~[?:?]
	at io.papermc.paper.plugin.provider.source.DirectoryProviderSource.walkFiles(DirectoryProviderSource.java:59) ~[paper-1.20.4.jar:git-Paper-485]
	at io.papermc.paper.plugin.provider.source.DirectoryProviderSource.prepareContext(DirectoryProviderSource.java:31) ~[paper-1.20.4.jar:git-Paper-485]
	at io.papermc.paper.plugin.provider.source.DirectoryProviderSource.prepareContext(DirectoryProviderSource.java:17) ~[paper-1.20.4.jar:git-Paper-485]
	at io.papermc.paper.plugin.util.EntrypointUtil.registerProvidersFromSource(EntrypointUtil.java:14) ~[paper-1.20.4.jar:git-Paper-485]
	at io.papermc.paper.plugin.PluginInitializerManager.load(PluginInitializerManager.java:101) ~[paper-1.20.4.jar:git-Paper-485]
	at net.minecraft.server.Main.main(Main.java:120) ~[paper-1.20.4.jar:git-Paper-485]
	at org.bukkit.craftbukkit.Main.main(Main.java:326) ~[paper-1.20.4.jar:git-Paper-485]
	at io.papermc.paperclip.Paperclip.lambda$main$0(Paperclip.java:42) ~[app:?]
	at java.lang.Thread.run(Thread.java:1583) ~[?:?]
Caused by: org.bukkit.plugin.InvalidPluginException: java.lang.IllegalArgumentException: plugins/Geyser-Standalone.jar does not contain a paper-plugin.yml or plugin.yml! Could not determine plugin type, cannot load a plugin from it!
	at io.papermc.paper.plugin.provider.source.FileProviderSource.checkUpdate(FileProviderSource.java:109) ~[paper-1.20.4.jar:git-Paper-485]
	at io.papermc.paper.plugin.provider.source.FileProviderSource.prepareContext(FileProviderSource.java:49) ~[paper-1.20.4.jar:git-Paper-485]
	... 21 more
Caused by: java.lang.IllegalArgumentException: plugins/Geyser-Standalone.jar does not contain a paper-plugin.yml or plugin.yml! Could not determine plugin type, cannot load a plugin from it!
	at io.papermc.paper.plugin.provider.source.FileProviderSource.getPluginName(FileProviderSource.java:118) ~[paper-1.20.4.jar:git-Paper-485]
	at io.papermc.paper.plugin.provider.source.FileProviderSource.checkUpdate(FileProviderSource.java:90) ~[paper-1.20.4.jar:git-Paper-485]
	at io.papermc.paper.plugin.provider.source.FileProviderSource.prepareContext(FileProviderSource.java:49) ~[paper-1.20.4.jar:git-Paper-485]
	... 21 more
[02:10:13] [ServerMain/ERROR]: [DirectoryProviderSource] Error preparing plugin context: Directory 'plugins/floodgate-velocity.jar' failed to update!
java.lang.RuntimeException: Directory 'plugins/floodgate-velocity.jar' failed to update!
	at io.papermc.paper.plugin.provider.source.FileProviderSource.prepareContext(FileProviderSource.java:51) ~[paper-1.20.4.jar:git-Paper-485]
	at io.papermc.paper.plugin.provider.source.DirectoryProviderSource.lambda$prepareContext$1(DirectoryProviderSource.java:33) ~[paper-1.20.4.jar:git-Paper-485]
	at java.util.stream.ForEachOps$ForEachOp$OfRef.accept(ForEachOps.java:184) ~[?:?]
	at java.util.stream.ReferencePipeline$2$1.accept(ReferencePipeline.java:179) ~[?:?]
	at java.util.stream.ReferencePipeline$3$1.accept(ReferencePipeline.java:197) ~[?:?]
	at java.util.Iterator.forEachRemaining(Iterator.java:133) ~[?:?]
	at java.util.Spliterators$IteratorSpliterator.forEachRemaining(Spliterators.java:1939) ~[?:?]
	at java.util.stream.AbstractPipeline.copyInto(AbstractPipeline.java:509) ~[?:?]
	at java.util.stream.AbstractPipeline.wrapAndCopyInto(AbstractPipeline.java:499) ~[?:?]
	at java.util.stream.ForEachOps$ForEachOp.evaluateSequential(ForEachOps.java:151) ~[?:?]
	at java.util.stream.ForEachOps$ForEachOp$OfRef.evaluateSequential(ForEachOps.java:174) ~[?:?]
	at java.util.stream.AbstractPipeline.evaluate(AbstractPipeline.java:234) ~[?:?]
	at java.util.stream.ReferencePipeline.forEach(ReferencePipeline.java:596) ~[?:?]
	at io.papermc.paper.plugin.provider.source.DirectoryProviderSource.walkFiles(DirectoryProviderSource.java:59) ~[paper-1.20.4.jar:git-Paper-485]
	at io.papermc.paper.plugin.provider.source.DirectoryProviderSource.prepareContext(DirectoryProviderSource.java:31) ~[paper-1.20.4.jar:git-Paper-485]
	at io.papermc.paper.plugin.provider.source.DirectoryProviderSource.prepareContext(DirectoryProviderSource.java:17) ~[paper-1.20.4.jar:git-Paper-485]
	at io.papermc.paper.plugin.util.EntrypointUtil.registerProvidersFromSource(EntrypointUtil.java:14) ~[paper-1.20.4.jar:git-Paper-485]
	at io.papermc.paper.plugin.PluginInitializerManager.load(PluginInitializerManager.java:101) ~[paper-1.20.4.jar:git-Paper-485]
	at net.minecraft.server.Main.main(Main.java:120) ~[paper-1.20.4.jar:git-Paper-485]
	at org.bukkit.craftbukkit.Main.main(Main.java:326) ~[paper-1.20.4.jar:git-Paper-485]
	at io.papermc.paperclip.Paperclip.lambda$main$0(Paperclip.java:42) ~[app:?]
	at java.lang.Thread.run(Thread.java:1583) ~[?:?]
Caused by: org.bukkit.plugin.InvalidPluginException: java.lang.IllegalArgumentException: plugins/floodgate-velocity.jar does not contain a paper-plugin.yml or plugin.yml! Could not determine plugin type, cannot load a plugin from it!
	at io.papermc.paper.plugin.provider.source.FileProviderSource.checkUpdate(FileProviderSource.java:109) ~[paper-1.20.4.jar:git-Paper-485]
	at io.papermc.paper.plugin.provider.source.FileProviderSource.prepareContext(FileProviderSource.java:49) ~[paper-1.20.4.jar:git-Paper-485]
	... 21 more
Caused by: java.lang.IllegalArgumentException: plugins/floodgate-velocity.jar does not contain a paper-plugin.yml or plugin.yml! Could not determine plugin type, cannot load a plugin from it!
	at io.papermc.paper.plugin.provider.source.FileProviderSource.getPluginName(FileProviderSource.java:118) ~[paper-1.20.4.jar:git-Paper-485]
	at io.papermc.paper.plugin.provider.source.FileProviderSource.checkUpdate(FileProviderSource.java:90) ~[paper-1.20.4.jar:git-Paper-485]
	at io.papermc.paper.plugin.provider.source.FileProviderSource.prepareContext(FileProviderSource.java:49) ~[paper-1.20.4.jar:git-Paper-485]
	... 21 more
